<?xml version="1.0" encoding="UTF-8"?>
<testsuite xmlns:xsi="http://www.w3.org/2001/XMLSchema-instance" xsi:noNamespaceSchemaLocation="https://maven.apache.org/surefire/maven-surefire-plugin/xsd/surefire-test-report.xsd" name="petstoreApi.PetstoreTest" time="3.213" tests="1" errors="0" skipped="0" failures="1">
  <properties>
[...]
</properties>
  <testcase name="testParallel" classname="petstoreApi.PetstoreTest" time="3.208">
    <failure message="js failed:&#10;&gt;&gt;&gt;&gt;&#10;01: karate.forEach(myResult,fun)&#10;&lt;&lt;&lt;&lt;&#10;org.graalvm.polyglot.PolyglotException: TypeError: Cannot read property &quot;id&quot; from undefined&#10;- &lt;js&gt;.:=&gt;(Unnamed:1)&#10;&#10;classpath:petstoreApi/feature/pets.feature:13 ==&gt; expected: &lt;0&gt; but was: &lt;1&gt;" type="org.opentest4j.AssertionFailedError"><![CDATA[org.opentest4j.AssertionFailedError: 
js failed:
>>>>
01: karate.forEach(myResult,fun)
<<<<
org.graalvm.polyglot.PolyglotException: TypeError: Cannot read property "id" from undefined
- <js>.:=>(Unnamed:1)

classpath:petstoreApi/feature/pets.feature:13 ==> expected: <0> but was: <1>
	at petstoreApi.PetstoreTest.testParallel(PetstoreTest.java:15)
]]></failure>
    <system-out><![CDATA[08:18:04.354 [main] DEBUG com.intuit.karate.Suite - [config] classpath:karate-config.js
08:18:04.360 [main] INFO  com.intuit.karate.Suite - backed up existing 'target\karate-reports' dir to: target\karate-reports_1665659884358
08:18:04.368 [main] DEBUG com.intuit.karate.Suite - waiting for 2 features to complete
08:18:05.149 [pool-1-thread-3] INFO  com.intuit.karate - karate.env system property was: null 
08:18:05.149 [pool-1-thread-1] INFO  com.intuit.karate - karate.env system property was: null 
08:18:05.149 [pool-1-thread-2] INFO  com.intuit.karate - karate.env system property was: null 
08:18:05.464 [pool-1-thread-1] DEBUG com.intuit.karate - request:
1 > GET https://petstore.swagger.io/v2/pet/findByStatus?status=sold
1 > Host: petstore.swagger.io
1 > Connection: Keep-Alive
1 > User-Agent: Apache-HttpClient/4.5.13 (Java/11.0.12)
1 > Accept-Encoding: gzip,deflate


08:18:05.464 [pool-1-thread-3] DEBUG com.intuit.karate - request:
1 > GET https://petstore.swagger.io/v2/user/PCV
1 > Host: petstore.swagger.io
1 > Connection: Keep-Alive
1 > User-Agent: Apache-HttpClient/4.5.13 (Java/11.0.12)
1 > Accept-Encoding: gzip,deflate


08:18:05.465 [pool-1-thread-2] DEBUG com.intuit.karate - request:
1 > POST https://petstore.swagger.io/v2/user
1 > Content-Type: application/json; charset=UTF-8
1 > Content-Length: 157
1 > Host: petstore.swagger.io
1 > Connection: Keep-Alive
1 > User-Agent: Apache-HttpClient/4.5.13 (Java/11.0.12)
1 > Accept-Encoding: gzip,deflate
{"id":100,"username":"PCV","firstName":"Paulo","lastName":"Caris","email":"paulo.carisv@gmail.com","password":"Prueba_01","phone":"999999999","userStatus":0}

08:18:06.226 [pool-1-thread-3] DEBUG com.intuit.karate - response time in milliseconds: 761
1 < 200
1 < Date: Thu, 13 Oct 2022 11:18:05 GMT
1 < Content-Type: application/json
1 < Transfer-Encoding: chunked
1 < Connection: keep-alive
1 < Access-Control-Allow-Origin: *
1 < Access-Control-Allow-Methods: GET, POST, DELETE, PUT
1 < Access-Control-Allow-Headers: Content-Type, api_key, Authorization
1 < Server: Jetty(9.2.9.v20150224)
{"id":100,"username":"PCV","firstName":"Paulo","lastName":"Caris","email":"paulo.carisv@gmail.com","password":"Prueba_01","phone":"999999999","userStatus":0}

08:18:06.228 [pool-1-thread-2] DEBUG com.intuit.karate - response time in milliseconds: 762
1 < 200
1 < Date: Thu, 13 Oct 2022 11:18:05 GMT
1 < Content-Type: application/json
1 < Transfer-Encoding: chunked
1 < Connection: keep-alive
1 < Access-Control-Allow-Origin: *
1 < Access-Control-Allow-Methods: GET, POST, DELETE, PUT
1 < Access-Control-Allow-Headers: Content-Type, api_key, Authorization
1 < Server: Jetty(9.2.9.v20150224)
{"code":200,"type":"unknown","message":"100"}

08:18:06.229 [pool-1-thread-1] DEBUG com.intuit.karate - response time in milliseconds: 765
1 < 200
1 < Date: Thu, 13 Oct 2022 11:18:05 GMT
1 < Content-Type: application/json
1 < Transfer-Encoding: chunked
1 < Connection: keep-alive
1 < Access-Control-Allow-Origin: *
1 < Access-Control-Allow-Methods: GET, POST, DELETE, PUT
1 < Access-Control-Allow-Headers: Content-Type, api_key, Authorization
1 < Server: Jetty(9.2.9.v20150224)
[{"id":12084391,"category":{"id":-48583,"name":"cupidatat amet commodo"},"name":"doggie","photoUrls":["fugiat Ut eu","exercitation nostr"],"tags":[{"id":-27183415,"name":"e"},{"id":86979382,"name":"in anim consectetur Lorem ut"}],"status":"sold"},{"id":111,"category":{"id":1,"name":"dogs"},"name":"Mike","photoUrls":["string"],"tags":[{"id":0,"name":"string"}],"status":"sold"},{"id":9223372036854274776,"photoUrls":[],"tags":[],"status":"sold"},{"id":9,"category":{"id":0,"name":"cats"},"photoUrls":["string"],"tags":[{"id":0,"name":"string"}],"status":"sold"},{"id":12,"category":{"id":0,"name":"dogs"},"photoUrls":["string"],"tags":[{"id":0,"name":"string"}],"status":"sold"},{"id":28208,"category":{"id":0,"name":"string"},"name":"FLOOF","photoUrls":["https://dazedimg-dazedgroup.netdna-ssl.com/921/149-57-921-614/azure/dazed-prod/1250/9/1259618.jpg"],"tags":[{"id":0}],"status":"sold"},{"id":62,"category":{"id":62,"name":"Ulrich G."},"name":"Ulrich G.","photoUrls":["https://www.kaggle.com/ulrich07"],"tags":[{"id":62,"name":"Ulrich G."}],"status":"sold"},{"id":1185538443,"category":{"id":472739277,"name":"hDVL"},"name":"CXvNMxAdLkkQWX","photoUrls":["WoyDdbKD"],"tags":[{"id":27883908,"name":"rvd"},{"id":866400842,"name":"EKAJeBkIuprcy"}],"status":"sold"},{"id":74408294,"category":{"id":70278030,"name":"in adipisicing"},"name":"doggie","photoUrls":["nostrud sunt eu occaecat elit","esse aute non magna"],"tags":[{"id":81618844,"name":"id aliquip"},{"id":-96817599,"name":"ut elit esse"}],"status":"sold"},{"id":1234,"category":{"id":5632,"name":"string"},"name":"my test pet","photoUrls":["string"],"tags":[],"status":"sold"}]

08:18:06.247 [pool-1-thread-1] INFO  com.intuit.karate - mi id es: -48583 
08:18:06.247 [pool-1-thread-1] INFO  com.intuit.karate - mi id es: 1 
08:18:06.260 [pool-1-thread-1] ERROR com.intuit.karate - classpath:petstoreApi/feature/pets.feature:13
* karate.forEach(myResult,fun)
js failed:
>>>>
01: karate.forEach(myResult,fun)
<<<<
org.graalvm.polyglot.PolyglotException: TypeError: Cannot read property "id" from undefined
- <js>.:=>(Unnamed:1)

classpath:petstoreApi/feature/pets.feature:13
---------------------------------------------------------
feature: classpath:petstoreApi/feature/pets.feature
scenarios:  1 | passed:  0 | failed:  1 | time: 1,0750
---------------------------------------------------------

08:18:06.750 [pool-2-thread-1] INFO  com.intuit.karate.Suite - <<fail>> feature 1 of 2 (1 remaining) classpath:petstoreApi/feature/pets.feature
---------------------------------------------------------
feature: classpath:petstoreApi/feature/user.feature
scenarios:  2 | passed:  2 | failed:  0 | time: 2,0904
---------------------------------------------------------

08:18:06.835 [pool-2-thread-1] INFO  com.intuit.karate.Suite - <<pass>> feature 2 of 2 (0 remaining) classpath:petstoreApi/feature/user.feature
Karate version: 1.2.0
======================================================
elapsed:   2,92 | threads:    5 | thread time: 3,17 
features:     2 | skipped:    0 | efficiency: 0,22
scenarios:    3 | passed:     2 | failed: 1
======================================================
>>> failed features:
js failed:
>>>>
01: karate.forEach(myResult,fun)
<<<<
org.graalvm.polyglot.PolyglotException: TypeError: Cannot read property "id" from undefined
- <js>.:=>(Unnamed:1)

classpath:petstoreApi/feature/pets.feature:13
<<<

HTML report: (paste into browser to view) | Karate version: 1.2.0
file:///C:/Users/pcaris/Desktop/PT/Automatización%20Karate/Karate/target/karate-reports/karate-summary.html
===================================================================

]]></system-out>
  </testcase>
</testsuite>